/*C7*/SET SCHEMA PUBLIC
DISCONNECT
/*C8*/SET SCHEMA PUBLIC
drop table PUBLIC.accounts if exists
create table accounts (\u000a    firstname       varchar(30)      not null,\u000a    lastname        varchar(30)      not null,\u000a    email           varchar(30)      not null\u000a  )
INSERT INTO ACCOUNTS VALUES('Dan','Hagi','hagi@n7.fr')
COMMIT
DISCONNECT
/*C10*/SET SCHEMA PUBLIC
DISCONNECT
/*C11*/SET SCHEMA PUBLIC
INSERT INTO ACCOUNTS VALUES('aaa','bbb','eee')
COMMIT
DISCONNECT
/*C12*/SET SCHEMA PUBLIC
INSERT INTO ACCOUNTS VALUES('aaa','bbb','eee')
COMMIT
DISCONNECT
/*C13*/SET SCHEMA PUBLIC
INSERT INTO ACCOUNTS VALUES('aaa','bbb','eee')
COMMIT
DISCONNECT
/*C14*/SET SCHEMA PUBLIC
DISCONNECT
/*C15*/SET SCHEMA PUBLIC
INSERT INTO ACCOUNTS VALUES('aaa','bbb','eee')
COMMIT
DISCONNECT
/*C16*/SET SCHEMA PUBLIC
INSERT INTO ACCOUNTS VALUES('aaa','bbb','eee')
COMMIT
DISCONNECT
/*C9*/SET SCHEMA PUBLIC
DISCONNECT
